1773186514.477865 client started (1368054): version 3.5a, socket /tmp/tmux-1000/default, protocol 8
1773186514.477882 on Linux 6.17.10-100.fc41.x86_64 #1 SMP PREEMPT_DYNAMIC Mon Dec  1 16:10:21 UTC 2025
1773186514.477891 using libevent 2.1.12-stable poll
1773186514.477895 using ncurses 6.5 20240629
1773186514.477907 flags are 0x10010000
1773186514.477917 socket is /tmp/tmux-1000/default
1773186514.477930 trying connect
1773186514.477979 add peer 0x56154d33ef30: 6 ((nil))
1773186514.478197 sending message 111 to peer 0x56154d33ef30 (8 bytes)
1773186514.478204 sending message 111 to peer 0x56154d33ef30 (8 bytes)
1773186514.478208 sending message 101 to peer 0x56154d33ef30 (15 bytes)
1773186514.478212 sending message 109 to peer 0x56154d33ef30 (4 bytes)
1773186514.478216 sending message 102 to peer 0x56154d33ef30 (11 bytes)
1773186514.478219 sending message 108 to peer 0x56154d33ef30 (38 bytes)
1773186514.478223 sending message 112 to peer 0x56154d33ef30 (58 bytes)
1773186514.478227 sending message 112 to peer 0x56154d33ef30 (5 bytes)
1773186514.478231 sending message 112 to peer 0x56154d33ef30 (5 bytes)
1773186514.478234 sending message 112 to peer 0x56154d33ef30 (6 bytes)
1773186514.478238 sending message 112 to peer 0x56154d33ef30 (6 bytes)
1773186514.478242 sending message 112 to peer 0x56154d33ef30 (11 bytes)
1773186514.478246 sending message 112 to peer 0x56154d33ef30 (10 bytes)
1773186514.478249 sending message 112 to peer 0x56154d33ef30 (13 bytes)
1773186514.478253 sending message 112 to peer 0x56154d33ef30 (14 bytes)
1773186514.478257 sending message 112 to peer 0x56154d33ef30 (19 bytes)
1773186514.478260 sending message 112 to peer 0x56154d33ef30 (11 bytes)
1773186514.478264 sending message 112 to peer 0x56154d33ef30 (10 bytes)
1773186514.478268 sending message 112 to peer 0x56154d33ef30 (15 bytes)
1773186514.478271 sending message 112 to peer 0x56154d33ef30 (21 bytes)
1773186514.478275 sending message 112 to peer 0x56154d33ef30 (13 bytes)
1773186514.478279 sending message 112 to peer 0x56154d33ef30 (7 bytes)
1773186514.478283 sending message 112 to peer 0x56154d33ef30 (13 bytes)
1773186514.478286 sending message 112 to peer 0x56154d33ef30 (7 bytes)
1773186514.478290 sending message 112 to peer 0x56154d33ef30 (13 bytes)
1773186514.478294 sending message 112 to peer 0x56154d33ef30 (9 bytes)
1773186514.478297 sending message 112 to peer 0x56154d33ef30 (21 bytes)
1773186514.478301 sending message 112 to peer 0x56154d33ef30 (13 bytes)
1773186514.478305 sending message 112 to peer 0x56154d33ef30 (9 bytes)
1773186514.478308 sending message 112 to peer 0x56154d33ef30 (16 bytes)
1773186514.478312 sending message 112 to peer 0x56154d33ef30 (13 bytes)
1773186514.478316 sending message 112 to peer 0x56154d33ef30 (9 bytes)
1773186514.478320 sending message 112 to peer 0x56154d33ef30 (9 bytes)
1773186514.478323 sending message 112 to peer 0x56154d33ef30 (12 bytes)
1773186514.478327 sending message 112 to peer 0x56154d33ef30 (8 bytes)
1773186514.478331 sending message 112 to peer 0x56154d33ef30 (8 bytes)
1773186514.478334 sending message 112 to peer 0x56154d33ef30 (13 bytes)
1773186514.478338 sending message 112 to peer 0x56154d33ef30 (7 bytes)
1773186514.478342 sending message 112 to peer 0x56154d33ef30 (7 bytes)
1773186514.478345 sending message 112 to peer 0x56154d33ef30 (9 bytes)
1773186514.478349 sending message 112 to peer 0x56154d33ef30 (9 bytes)
1773186514.478353 sending message 112 to peer 0x56154d33ef30 (15 bytes)
1773186514.478357 sending message 112 to peer 0x56154d33ef30 (13 bytes)
1773186514.478360 sending message 112 to peer 0x56154d33ef30 (12 bytes)
1773186514.478364 sending message 112 to peer 0x56154d33ef30 (8 bytes)
1773186514.478368 sending message 112 to peer 0x56154d33ef30 (14 bytes)
1773186514.478371 sending message 112 to peer 0x56154d33ef30 (11 bytes)
1773186514.478375 sending message 112 to peer 0x56154d33ef30 (9 bytes)
1773186514.478379 sending message 112 to peer 0x56154d33ef30 (10 bytes)
1773186514.478382 sending message 112 to peer 0x56154d33ef30 (10 bytes)
1773186514.478386 sending message 112 to peer 0x56154d33ef30 (10 bytes)
1773186514.478394 sending message 112 to peer 0x56154d33ef30 (10 bytes)
1773186514.478401 sending message 112 to peer 0x56154d33ef30 (11 bytes)
1773186514.478405 sending message 112 to peer 0x56154d33ef30 (12 bytes)
1773186514.478409 sending message 112 to peer 0x56154d33ef30 (12 bytes)
1773186514.478413 sending message 112 to peer 0x56154d33ef30 (12 bytes)
1773186514.478416 sending message 112 to peer 0x56154d33ef30 (12 bytes)
1773186514.478420 sending message 112 to peer 0x56154d33ef30 (12 bytes)
1773186514.478424 sending message 112 to peer 0x56154d33ef30 (11 bytes)
1773186514.478428 sending message 112 to peer 0x56154d33ef30 (11 bytes)
1773186514.478431 sending message 112 to peer 0x56154d33ef30 (12 bytes)
1773186514.478435 sending message 112 to peer 0x56154d33ef30 (12 bytes)
1773186514.478439 sending message 112 to peer 0x56154d33ef30 (12 bytes)
1773186514.478443 sending message 112 to peer 0x56154d33ef30 (12 bytes)
1773186514.478446 sending message 112 to peer 0x56154d33ef30 (12 bytes)
1773186514.478450 sending message 112 to peer 0x56154d33ef30 (9 bytes)
1773186514.478454 sending message 112 to peer 0x56154d33ef30 (12 bytes)
1773186514.478458 sending message 112 to peer 0x56154d33ef30 (13 bytes)
1773186514.478462 sending message 112 to peer 0x56154d33ef30 (13 bytes)
1773186514.478465 sending message 112 to peer 0x56154d33ef30 (13 bytes)
1773186514.478469 sending message 112 to peer 0x56154d33ef30 (13 bytes)
1773186514.478473 sending message 112 to peer 0x56154d33ef30 (13 bytes)
1773186514.478477 sending message 112 to peer 0x56154d33ef30 (8 bytes)
1773186514.478480 sending message 112 to peer 0x56154d33ef30 (11 bytes)
1773186514.478484 sending message 112 to peer 0x56154d33ef30 (11 bytes)
1773186514.478488 sending message 112 to peer 0x56154d33ef30 (11 bytes)
1773186514.478492 sending message 112 to peer 0x56154d33ef30 (12 bytes)
1773186514.478496 sending message 112 to peer 0x56154d33ef30 (12 bytes)
1773186514.478499 sending message 112 to peer 0x56154d33ef30 (12 bytes)
1773186514.478503 sending message 112 to peer 0x56154d33ef30 (12 bytes)
1773186514.478507 sending message 112 to peer 0x56154d33ef30 (13 bytes)
1773186514.478511 sending message 112 to peer 0x56154d33ef30 (13 bytes)
1773186514.478514 sending message 112 to peer 0x56154d33ef30 (13 bytes)
1773186514.478518 sending message 112 to peer 0x56154d33ef30 (8 bytes)
1773186514.478522 sending message 112 to peer 0x56154d33ef30 (13 bytes)
1773186514.478526 sending message 112 to peer 0x56154d33ef30 (13 bytes)
1773186514.478530 sending message 112 to peer 0x56154d33ef30 (13 bytes)
1773186514.478533 sending message 112 to peer 0x56154d33ef30 (13 bytes)
1773186514.478537 sending message 112 to peer 0x56154d33ef30 (13 bytes)
1773186514.478541 sending message 112 to peer 0x56154d33ef30 (12 bytes)
1773186514.478545 sending message 112 to peer 0x56154d33ef30 (12 bytes)
1773186514.478548 sending message 112 to peer 0x56154d33ef30 (12 bytes)
1773186514.478552 sending message 112 to peer 0x56154d33ef30 (12 bytes)
1773186514.478556 sending message 112 to peer 0x56154d33ef30 (13 bytes)
1773186514.478560 sending message 112 to peer 0x56154d33ef30 (8 bytes)
1773186514.478563 sending message 112 to peer 0x56154d33ef30 (13 bytes)
1773186514.478567 sending message 112 to peer 0x56154d33ef30 (13 bytes)
1773186514.478571 sending message 112 to peer 0x56154d33ef30 (13 bytes)
1773186514.478575 sending message 112 to peer 0x56154d33ef30 (13 bytes)
1773186514.478579 sending message 112 to peer 0x56154d33ef30 (13 bytes)
1773186514.478582 sending message 112 to peer 0x56154d33ef30 (13 bytes)
1773186514.478586 sending message 112 to peer 0x56154d33ef30 (13 bytes)
1773186514.478590 sending message 112 to peer 0x56154d33ef30 (12 bytes)
1773186514.478594 sending message 112 to peer 0x56154d33ef30 (12 bytes)
1773186514.478597 sending message 112 to peer 0x56154d33ef30 (12 bytes)
1773186514.478601 sending message 112 to peer 0x56154d33ef30 (8 bytes)
1773186514.478605 sending message 112 to peer 0x56154d33ef30 (12 bytes)
1773186514.478609 sending message 112 to peer 0x56154d33ef30 (13 bytes)
1773186514.478616 sending message 112 to peer 0x56154d33ef30 (13 bytes)
1773186514.478621 sending message 112 to peer 0x56154d33ef30 (13 bytes)
1773186514.478625 sending message 112 to peer 0x56154d33ef30 (13 bytes)
1773186514.478629 sending message 112 to peer 0x56154d33ef30 (13 bytes)
1773186514.478633 sending message 112 to peer 0x56154d33ef30 (13 bytes)
1773186514.478636 sending message 112 to peer 0x56154d33ef30 (13 bytes)
1773186514.478640 sending message 112 to peer 0x56154d33ef30 (13 bytes)
1773186514.478644 sending message 112 to peer 0x56154d33ef30 (12 bytes)
1773186514.478648 sending message 112 to peer 0x56154d33ef30 (10 bytes)
1773186514.478651 sending message 112 to peer 0x56154d33ef30 (12 bytes)
1773186514.478655 sending message 112 to peer 0x56154d33ef30 (12 bytes)
1773186514.478659 sending message 112 to peer 0x56154d33ef30 (12 bytes)
1773186514.478663 sending message 112 to peer 0x56154d33ef30 (13 bytes)
1773186514.478667 sending message 112 to peer 0x56154d33ef30 (13 bytes)
1773186514.478670 sending message 112 to peer 0x56154d33ef30 (13 bytes)
1773186514.478674 sending message 112 to peer 0x56154d33ef30 (13 bytes)
1773186514.478678 sending message 112 to peer 0x56154d33ef30 (13 bytes)
1773186514.478682 sending message 112 to peer 0x56154d33ef30 (13 bytes)
1773186514.478685 sending message 112 to peer 0x56154d33ef30 (13 bytes)
1773186514.478689 sending message 112 to peer 0x56154d33ef30 (10 bytes)
1773186514.478693 sending message 112 to peer 0x56154d33ef30 (13 bytes)
1773186514.478697 sending message 112 to peer 0x56154d33ef30 (12 bytes)
1773186514.478700 sending message 112 to peer 0x56154d33ef30 (12 bytes)
1773186514.478704 sending message 112 to peer 0x56154d33ef30 (12 bytes)
1773186514.478708 sending message 112 to peer 0x56154d33ef30 (10 bytes)
1773186514.478712 sending message 112 to peer 0x56154d33ef30 (10 bytes)
1773186514.478715 sending message 112 to peer 0x56154d33ef30 (10 bytes)
1773186514.478719 sending message 112 to peer 0x56154d33ef30 (12 bytes)
1773186514.478723 sending message 112 to peer 0x56154d33ef30 (13 bytes)
1773186514.478727 sending message 112 to peer 0x56154d33ef30 (13 bytes)
1773186514.478730 sending message 112 to peer 0x56154d33ef30 (13 bytes)
1773186514.478734 sending message 112 to peer 0x56154d33ef30 (13 bytes)
1773186514.478738 sending message 112 to peer 0x56154d33ef30 (13 bytes)
1773186514.478742 sending message 112 to peer 0x56154d33ef30 (10 bytes)
1773186514.478746 sending message 112 to peer 0x56154d33ef30 (11 bytes)
1773186514.478749 sending message 112 to peer 0x56154d33ef30 (12 bytes)
1773186514.478753 sending message 112 to peer 0x56154d33ef30 (12 bytes)
1773186514.478757 sending message 112 to peer 0x56154d33ef30 (12 bytes)
1773186514.478761 sending message 112 to peer 0x56154d33ef30 (12 bytes)
1773186514.478764 sending message 112 to peer 0x56154d33ef30 (12 bytes)
1773186514.478768 sending message 112 to peer 0x56154d33ef30 (11 bytes)
1773186514.478772 sending message 112 to peer 0x56154d33ef30 (12 bytes)
1773186514.478776 sending message 112 to peer 0x56154d33ef30 (12 bytes)
1773186514.478779 sending message 112 to peer 0x56154d33ef30 (13 bytes)
1773186514.478783 sending message 112 to peer 0x56154d33ef30 (13 bytes)
1773186514.478787 sending message 112 to peer 0x56154d33ef30 (13 bytes)
1773186514.478791 sending message 112 to peer 0x56154d33ef30 (13 bytes)
1773186514.478795 sending message 112 to peer 0x56154d33ef30 (13 bytes)
1773186514.478798 sending message 112 to peer 0x56154d33ef30 (10 bytes)
1773186514.478802 sending message 112 to peer 0x56154d33ef30 (9 bytes)
1773186514.478806 sending message 112 to peer 0x56154d33ef30 (12 bytes)
1773186514.478810 sending message 112 to peer 0x56154d33ef30 (13 bytes)
1773186514.478813 sending message 112 to peer 0x56154d33ef30 (13 bytes)
1773186514.478817 sending message 112 to peer 0x56154d33ef30 (13 bytes)
1773186514.478821 sending message 112 to peer 0x56154d33ef30 (13 bytes)
1773186514.478825 sending message 112 to peer 0x56154d33ef30 (13 bytes)
1773186514.478828 sending message 112 to peer 0x56154d33ef30 (9 bytes)
1773186514.478835 sending message 112 to peer 0x56154d33ef30 (12 bytes)
1773186514.478840 sending message 112 to peer 0x56154d33ef30 (13 bytes)
1773186514.478844 sending message 112 to peer 0x56154d33ef30 (13 bytes)
1773186514.478848 sending message 112 to peer 0x56154d33ef30 (13 bytes)
1773186514.478852 sending message 112 to peer 0x56154d33ef30 (13 bytes)
1773186514.478855 sending message 112 to peer 0x56154d33ef30 (13 bytes)
1773186514.478859 sending message 112 to peer 0x56154d33ef30 (11 bytes)
1773186514.478863 sending message 112 to peer 0x56154d33ef30 (12 bytes)
1773186514.478867 sending message 112 to peer 0x56154d33ef30 (13 bytes)
1773186514.478871 sending message 112 to peer 0x56154d33ef30 (13 bytes)
1773186514.478874 sending message 112 to peer 0x56154d33ef30 (13 bytes)
1773186514.478878 sending message 112 to peer 0x56154d33ef30 (13 bytes)
1773186514.478882 sending message 112 to peer 0x56154d33ef30 (13 bytes)
1773186514.478886 sending message 112 to peer 0x56154d33ef30 (11 bytes)
1773186514.478889 sending message 112 to peer 0x56154d33ef30 (12 bytes)
1773186514.478893 sending message 112 to peer 0x56154d33ef30 (12 bytes)
1773186514.478897 sending message 112 to peer 0x56154d33ef30 (12 bytes)
1773186514.478901 sending message 112 to peer 0x56154d33ef30 (12 bytes)
1773186514.478905 sending message 112 to peer 0x56154d33ef30 (12 bytes)
1773186514.478908 sending message 112 to peer 0x56154d33ef30 (21 bytes)
1773186514.478912 sending message 112 to peer 0x56154d33ef30 (12 bytes)
1773186514.478916 sending message 112 to peer 0x56154d33ef30 (9 bytes)
1773186514.478920 sending message 112 to peer 0x56154d33ef30 (6 bytes)
1773186514.478923 sending message 112 to peer 0x56154d33ef30 (13 bytes)
1773186514.478927 sending message 112 to peer 0x56154d33ef30 (10 bytes)
1773186514.478931 sending message 112 to peer 0x56154d33ef30 (24 bytes)
1773186514.478935 sending message 112 to peer 0x56154d33ef30 (13 bytes)
1773186514.478939 sending message 112 to peer 0x56154d33ef30 (9 bytes)
1773186514.478942 sending message 112 to peer 0x56154d33ef30 (70 bytes)
1773186514.478946 sending message 112 to peer 0x56154d33ef30 (69 bytes)
1773186514.478950 sending message 112 to peer 0x56154d33ef30 (12 bytes)
1773186514.478954 sending message 112 to peer 0x56154d33ef30 (10 bytes)
1773186514.478958 sending message 112 to peer 0x56154d33ef30 (10 bytes)
1773186514.478962 sending message 112 to peer 0x56154d33ef30 (24 bytes)
1773186514.478965 sending message 112 to peer 0x56154d33ef30 (13 bytes)
1773186514.478969 sending message 112 to peer 0x56154d33ef30 (10 bytes)
1773186514.478973 sending message 112 to peer 0x56154d33ef30 (10 bytes)
1773186514.478977 sending message 112 to peer 0x56154d33ef30 (10 bytes)
1773186514.478980 sending message 112 to peer 0x56154d33ef30 (13 bytes)
1773186514.478984 sending message 112 to peer 0x56154d33ef30 (15 bytes)
1773186514.478988 sending message 112 to peer 0x56154d33ef30 (5 bytes)
1773186514.478993 sending message 104 to peer 0x56154d33ef30 (0 bytes)
1773186514.478997 sending message 110 to peer 0x56154d33ef30 (0 bytes)
1773186514.479001 sending message 107 to peer 0x56154d33ef30 (4 bytes)
1773186514.479005 sending message 105 to peer 0x56154d33ef30 (16 bytes)
1773186514.479009 sending message 105 to peer 0x56154d33ef30 (78 bytes)
1773186514.479013 sending message 105 to peer 0x56154d33ef30 (27 bytes)
1773186514.479016 sending message 105 to peer 0x56154d33ef30 (20 bytes)
1773186514.479020 sending message 105 to peer 0x56154d33ef30 (49 bytes)
1773186514.479024 sending message 105 to peer 0x56154d33ef30 (23 bytes)
1773186514.479028 sending message 105 to peer 0x56154d33ef30 (24 bytes)
1773186514.479032 sending message 105 to peer 0x56154d33ef30 (23 bytes)
1773186514.479035 sending message 105 to peer 0x56154d33ef30 (26 bytes)
1773186514.479039 sending message 105 to peer 0x56154d33ef30 (35 bytes)
1773186514.479043 sending message 105 to peer 0x56154d33ef30 (25 bytes)
1773186514.479047 sending message 105 to peer 0x56154d33ef30 (14 bytes)
1773186514.479051 sending message 105 to peer 0x56154d33ef30 (42 bytes)
1773186514.479060 sending message 105 to peer 0x56154d33ef30 (23 bytes)
1773186514.479065 sending message 105 to peer 0x56154d33ef30 (27 bytes)
1773186514.479076 sending message 105 to peer 0x56154d33ef30 (23 bytes)
1773186514.479080 sending message 105 to peer 0x56154d33ef30 (41 bytes)
1773186514.479084 sending message 105 to peer 0x56154d33ef30 (51 bytes)
1773186514.479088 sending message 105 to peer 0x56154d33ef30 (20 bytes)
1773186514.479092 sending message 105 to peer 0x56154d33ef30 (27 bytes)
1773186514.479095 sending message 105 to peer 0x56154d33ef30 (37 bytes)
1773186514.479099 sending message 105 to peer 0x56154d33ef30 (19 bytes)
1773186514.479103 sending message 105 to peer 0x56154d33ef30 (38 bytes)
1773186514.479107 sending message 105 to peer 0x56154d33ef30 (21 bytes)
1773186514.479111 sending message 105 to peer 0x56154d33ef30 (27 bytes)
1773186514.479114 sending message 105 to peer 0x56154d33ef30 (42 bytes)
1773186514.479118 sending message 105 to peer 0x56154d33ef30 (31 bytes)
1773186514.479122 sending message 105 to peer 0x56154d33ef30 (12 bytes)
1773186514.479126 sending message 105 to peer 0x56154d33ef30 (21 bytes)
1773186514.479130 sending message 105 to peer 0x56154d33ef30 (28 bytes)
1773186514.479133 sending message 105 to peer 0x56154d33ef30 (33 bytes)
1773186514.479137 sending message 105 to peer 0x56154d33ef30 (40 bytes)
1773186514.479141 sending message 105 to peer 0x56154d33ef30 (22 bytes)
1773186514.479145 sending message 105 to peer 0x56154d33ef30 (22 bytes)
1773186514.479149 sending message 105 to peer 0x56154d33ef30 (32 bytes)
1773186514.479153 sending message 105 to peer 0x56154d33ef30 (24 bytes)
1773186514.479156 sending message 105 to peer 0x56154d33ef30 (13 bytes)
1773186514.479160 sending message 105 to peer 0x56154d33ef30 (30 bytes)
1773186514.479164 sending message 105 to peer 0x56154d33ef30 (37 bytes)
1773186514.479168 sending message 105 to peer 0x56154d33ef30 (23 bytes)
1773186514.479172 sending message 105 to peer 0x56154d33ef30 (21 bytes)
1773186514.479175 sending message 105 to peer 0x56154d33ef30 (23 bytes)
1773186514.479179 sending message 105 to peer 0x56154d33ef30 (15 bytes)
1773186514.479183 sending message 105 to peer 0x56154d33ef30 (13 bytes)
1773186514.479187 sending message 105 to peer 0x56154d33ef30 (33 bytes)
1773186514.479190 sending message 105 to peer 0x56154d33ef30 (17 bytes)
1773186514.479194 sending message 105 to peer 0x56154d33ef30 (44 bytes)
1773186514.479198 sending message 105 to peer 0x56154d33ef30 (1911 bytes)
1773186514.479210 sending message 105 to peer 0x56154d33ef30 (26 bytes)
1773186514.479214 sending message 105 to peer 0x56154d33ef30 (182 bytes)
1773186514.479218 sending message 105 to peer 0x56154d33ef30 (17 bytes)
1773186514.479222 sending message 105 to peer 0x56154d33ef30 (21 bytes)
1773186514.479225 sending message 105 to peer 0x56154d33ef30 (29 bytes)
1773186514.479229 sending message 105 to peer 0x56154d33ef30 (28 bytes)
1773186514.479233 sending message 105 to peer 0x56154d33ef30 (45 bytes)
1773186514.479237 sending message 105 to peer 0x56154d33ef30 (41 bytes)
1773186514.479241 sending message 105 to peer 0x56154d33ef30 (86 bytes)
1773186514.479244 sending message 105 to peer 0x56154d33ef30 (24 bytes)
1773186514.479248 sending message 105 to peer 0x56154d33ef30 (20 bytes)
1773186514.479252 sending message 105 to peer 0x56154d33ef30 (22 bytes)
1773186514.479256 sending message 105 to peer 0x56154d33ef30 (53 bytes)
1773186514.479259 sending message 105 to peer 0x56154d33ef30 (32 bytes)
1773186514.479263 sending message 105 to peer 0x56154d33ef30 (42 bytes)
1773186514.479267 sending message 105 to peer 0x56154d33ef30 (39 bytes)
1773186514.479271 sending message 105 to peer 0x56154d33ef30 (73 bytes)
1773186514.479274 sending message 105 to peer 0x56154d33ef30 (91 bytes)
1773186514.479278 sending message 105 to peer 0x56154d33ef30 (24 bytes)
1773186514.479282 sending message 105 to peer 0x56154d33ef30 (35 bytes)
1773186514.479286 sending message 105 to peer 0x56154d33ef30 (43 bytes)
1773186514.479290 sending message 105 to peer 0x56154d33ef30 (23 bytes)
1773186514.479296 sending message 105 to peer 0x56154d33ef30 (30 bytes)
1773186514.479302 sending message 105 to peer 0x56154d33ef30 (35 bytes)
1773186514.479306 sending message 105 to peer 0x56154d33ef30 (20 bytes)
1773186514.479310 sending message 105 to peer 0x56154d33ef30 (41 bytes)
1773186514.479313 sending message 105 to peer 0x56154d33ef30 (25 bytes)
1773186514.479317 sending message 105 to peer 0x56154d33ef30 (35 bytes)
1773186514.479321 sending message 105 to peer 0x56154d33ef30 (9 bytes)
1773186514.479325 sending message 105 to peer 0x56154d33ef30 (15 bytes)
1773186514.479329 sending message 105 to peer 0x56154d33ef30 (28 bytes)
1773186514.479332 sending message 105 to peer 0x56154d33ef30 (21 bytes)
1773186514.479336 sending message 105 to peer 0x56154d33ef30 (29 bytes)
1773186514.479340 sending message 105 to peer 0x56154d33ef30 (11 bytes)
1773186514.479344 sending message 105 to peer 0x56154d33ef30 (26 bytes)
1773186514.479347 sending message 105 to peer 0x56154d33ef30 (8 bytes)
1773186514.479351 sending message 105 to peer 0x56154d33ef30 (24 bytes)
1773186514.479355 sending message 105 to peer 0x56154d33ef30 (40 bytes)
1773186514.479359 sending message 105 to peer 0x56154d33ef30 (15 bytes)
1773186514.479363 sending message 105 to peer 0x56154d33ef30 (24 bytes)
1773186514.479366 sending message 105 to peer 0x56154d33ef30 (39 bytes)
1773186514.479370 sending message 105 to peer 0x56154d33ef30 (18 bytes)
1773186514.479374 sending message 105 to peer 0x56154d33ef30 (70 bytes)
1773186514.479378 sending message 105 to peer 0x56154d33ef30 (47 bytes)
1773186514.479381 sending message 105 to peer 0x56154d33ef30 (50 bytes)
1773186514.479385 sending message 105 to peer 0x56154d33ef30 (31 bytes)
1773186514.479389 sending message 105 to peer 0x56154d33ef30 (29 bytes)
1773186514.479393 sending message 105 to peer 0x56154d33ef30 (24 bytes)
1773186514.479397 sending message 105 to peer 0x56154d33ef30 (23 bytes)
1773186514.479400 sending message 105 to peer 0x56154d33ef30 (38 bytes)
1773186514.479404 sending message 105 to peer 0x56154d33ef30 (55 bytes)
1773186514.479408 sending message 105 to peer 0x56154d33ef30 (40 bytes)
1773186514.479412 sending message 105 to peer 0x56154d33ef30 (57 bytes)
1773186514.479415 sending message 105 to peer 0x56154d33ef30 (41 bytes)
1773186514.479419 sending message 105 to peer 0x56154d33ef30 (13 bytes)
1773186514.479423 sending message 105 to peer 0x56154d33ef30 (120 bytes)
1773186514.479427 sending message 105 to peer 0x56154d33ef30 (79 bytes)
1773186514.479431 sending message 105 to peer 0x56154d33ef30 (648 bytes)
1773186514.479435 sending message 105 to peer 0x56154d33ef30 (146 bytes)
1773186514.479439 sending message 105 to peer 0x56154d33ef30 (28 bytes)
1773186514.479442 sending message 105 to peer 0x56154d33ef30 (22 bytes)
1773186514.479446 sending message 105 to peer 0x56154d33ef30 (22 bytes)
1773186514.479450 sending message 105 to peer 0x56154d33ef30 (54 bytes)
1773186514.479454 sending message 105 to peer 0x56154d33ef30 (34 bytes)
1773186514.479457 sending message 105 to peer 0x56154d33ef30 (43 bytes)
1773186514.479461 sending message 105 to peer 0x56154d33ef30 (25 bytes)
1773186514.479465 sending message 105 to peer 0x56154d33ef30 (37 bytes)
1773186514.479469 sending message 105 to peer 0x56154d33ef30 (65 bytes)
1773186514.479473 sending message 105 to peer 0x56154d33ef30 (20 bytes)
1773186514.479476 sending message 105 to peer 0x56154d33ef30 (18 bytes)
1773186514.479480 sending message 105 to peer 0x56154d33ef30 (55 bytes)
1773186514.479484 sending message 105 to peer 0x56154d33ef30 (591 bytes)
1773186514.479488 sending message 105 to peer 0x56154d33ef30 (16 bytes)
1773186514.479492 sending message 106 to peer 0x56154d33ef30 (0 bytes)
1773186514.479524 sending message 200 to peer 0x56154d33ef30 (4 bytes)
1773186514.479529 client loop enter
1773186514.479999 peer 0x56154d33ef30 message 303
1773186514.480005 open write file 2 -
1773186514.480012 sending message 305 to peer 0x56154d33ef30 (8 bytes)
1773186514.480019 write check file 2
1773186514.480131 peer 0x56154d33ef30 message 304
1773186514.480139 write 58 to file 2
1773186514.480144 peer 0x56154d33ef30 message 203
1773186514.480147 file 2 58 bytes left
1773186514.480157 write check file 2
1773186514.480161 client loop exit
